# JRE version: Java(TM) SE Runtime Environment (8.0_121-b13) (build 1.8.0_121-b13)
# Java VM: Java HotSpot(TM) 64-Bit Server VM (25.121-b13 mixed mode windows-amd64 compressed oops)
Heap:
 PSYoungGen      total 373760K, used 338928K [0x00000000d5e00000, 0x00000000f5500000, 0x0000000100000000)
  eden space 350208K, 90% used [0x00000000d5e00000,0x00000000e9223ed0,0x00000000eb400000)
  from space 23552K, 99% used [0x00000000eb400000,0x00000000ecad8150,0x00000000ecb00000)
  to   space 27136K, 0% used [0x00000000f3a80000,0x00000000f3a80000,0x00000000f5500000)
 ParOldGen       total 95232K, used 25397K [0x0000000081a00000, 0x0000000087700000, 0x00000000d5e00000)
  object space 95232K, 26% used [0x0000000081a00000,0x00000000832cd428,0x0000000087700000)
 Metaspace       used 45267K, capacity 45924K, committed 46464K, reserved 1089536K
  class space    used 5522K, capacity 5676K, committed 5760K, reserved 1048576K
GC Heap History (10 events):
Event: 7.070 GC heap before
{Heap before GC invocations=14 (full 2):
 PSYoungGen      total 209408K, used 201953K [0x00000000d5e00000, 0x00000000e8900000, 0x0000000100000000)
  eden space 188416K, 100% used [0x00000000d5e00000,0x00000000e1600000,0x00000000e1600000)
  from space 20992K, 64% used [0x00000000e1600000,0x00000000e2338718,0x00000000e2a80000)
  to   space 21504K, 0% used [0x00000000e7400000,0x00000000e7400000,0x00000000e8900000)
 ParOldGen       total 95232K, used 25294K [0x0000000081a00000, 0x0000000087700000, 0x00000000d5e00000)
  object space 95232K, 26% used [0x0000000081a00000,0x00000000832b38a8,0x0000000087700000)
 Metaspace       used 39894K, capacity 40352K, committed 40832K, reserved 1085440K
  class space    used 4865K, capacity 4971K, committed 4992K, reserved 1048576K
Event: 7.089 GC heap after
Heap after GC invocations=14 (full 2):
 PSYoungGen      total 279552K, used 12208K [0x00000000d5e00000, 0x00000000e8600000, 0x0000000100000000)
  eden space 261120K, 0% used [0x00000000d5e00000,0x00000000d5e00000,0x00000000e5d00000)
  from space 18432K, 66% used [0x00000000e7400000,0x00000000e7fec088,0x00000000e8600000)
  to   space 20992K, 0% used [0x00000000e5d00000,0x00000000e5d00000,0x00000000e7180000)
 ParOldGen       total 95232K, used 28626K [0x0000000081a00000, 0x0000000087700000, 0x00000000d5e00000)
  object space 95232K, 30% used [0x0000000081a00000,0x00000000835f48d8,0x0000000087700000)
 Metaspace       used 39894K, capacity 40352K, committed 40832K, reserved 1085440K
  class space    used 4865K, capacity 4971K, committed 4992K, reserved 1048576K
}
Event: 30.915 GC heap before
{Heap before GC invocations=15 (full 2):
 PSYoungGen      total 279552K, used 273328K [0x00000000d5e00000, 0x00000000e8600000, 0x0000000100000000)
  eden space 261120K, 100% used [0x00000000d5e00000,0x00000000e5d00000,0x00000000e5d00000)
  from space 18432K, 66% used [0x00000000e7400000,0x00000000e7fec088,0x00000000e8600000)
  to   space 20992K, 0% used [0x00000000e5d00000,0x00000000e5d00000,0x00000000e7180000)
 ParOldGen       total 95232K, used 28626K [0x0000000081a00000, 0x0000000087700000, 0x00000000d5e00000)
  object space 95232K, 30% used [0x0000000081a00000,0x00000000835f48d8,0x0000000087700000)
 Metaspace       used 43825K, capacity 44314K, committed 44800K, reserved 1089536K
  class space    used 5390K, capacity 5520K, committed 5632K, reserved 1048576K
Event: 30.944 GC heap after
Heap after GC invocations=15 (full 2):
 PSYoungGen      total 282112K, used 18217K [0x00000000d5e00000, 0x00000000ee100000, 0x0000000100000000)
  eden space 261120K, 0% used [0x00000000d5e00000,0x00000000d5e00000,0x00000000e5d00000)
  from space 20992K, 86% used [0x00000000e5d00000,0x00000000e6eca438,0x00000000e7180000)
  to   space 22528K, 0% used [0x00000000ecb00000,0x00000000ecb00000,0x00000000ee100000)
 ParOldGen       total 95232K, used 30650K [0x0000000081a00000, 0x0000000087700000, 0x00000000d5e00000)
  object space 95232K, 32% used [0x0000000081a00000,0x00000000837ee928,0x0000000087700000)
 Metaspace       used 43825K, capacity 44314K, committed 44800K, reserved 1089536K
  class space    used 5390K, capacity 5520K, committed 5632K, reserved 1048576K
}
Event: 116.803 GC heap before
{Heap before GC invocations=16 (full 2):
 PSYoungGen      total 282112K, used 62004K [0x00000000d5e00000, 0x00000000ee100000, 0x0000000100000000)
  eden space 261120K, 16% used [0x00000000d5e00000,0x00000000d88c2d50,0x00000000e5d00000)
  from space 20992K, 86% used [0x00000000e5d00000,0x00000000e6eca438,0x00000000e7180000)
  to   space 22528K, 0% used [0x00000000ecb00000,0x00000000ecb00000,0x00000000ee100000)
 ParOldGen       total 95232K, used 30650K [0x0000000081a00000, 0x0000000087700000, 0x00000000d5e00000)
  object space 95232K, 32% used [0x0000000081a00000,0x00000000837ee928,0x0000000087700000)
 Metaspace       used 44658K, capacity 45190K, committed 45568K, reserved 1089536K
  class space    used 5483K, capacity 5619K, committed 5632K, reserved 1048576K
Event: 116.813 GC heap after
Heap after GC invocations=16 (full 2):
 PSYoungGen      total 372736K, used 875K [0x00000000d5e00000, 0x00000000ee300000, 0x0000000100000000)
  eden space 350208K, 0% used [0x00000000d5e00000,0x00000000d5e00000,0x00000000eb400000)
  from space 22528K, 3% used [0x00000000ecb00000,0x00000000ecbdad08,0x00000000ee100000)
  to   space 23552K, 0% used [0x00000000eb400000,0x00000000eb400000,0x00000000ecb00000)
 ParOldGen       total 95232K, used 34342K [0x0000000081a00000, 0x0000000087700000, 0x00000000d5e00000)
  object space 95232K, 36% used [0x0000000081a00000,0x0000000083b899b8,0x0000000087700000)
 Metaspace       used 44658K, capacity 45190K, committed 45568K, reserved 1089536K
  class space    used 5483K, capacity 5619K, committed 5632K, reserved 1048576K
}
Event: 116.813 GC heap before
{Heap before GC invocations=17 (full 3):
 PSYoungGen      total 372736K, used 875K [0x00000000d5e00000, 0x00000000ee300000, 0x0000000100000000)
  eden space 350208K, 0% used [0x00000000d5e00000,0x00000000d5e00000,0x00000000eb400000)
  from space 22528K, 3% used [0x00000000ecb00000,0x00000000ecbdad08,0x00000000ee100000)
  to   space 23552K, 0% used [0x00000000eb400000,0x00000000eb400000,0x00000000ecb00000)
 ParOldGen       total 95232K, used 34342K [0x0000000081a00000, 0x0000000087700000, 0x00000000d5e00000)
  object space 95232K, 36% used [0x0000000081a00000,0x0000000083b899b8,0x0000000087700000)
 Metaspace       used 44658K, capacity 45190K, committed 45568K, reserved 1089536K
  class space    used 5483K, capacity 5619K, committed 5632K, reserved 1048576K
Event: 116.946 GC heap after
Heap after GC invocations=17 (full 3):
 PSYoungGen      total 372736K, used 0K [0x00000000d5e00000, 0x00000000ee300000, 0x0000000100000000)
  eden space 350208K, 0% used [0x00000000d5e00000,0x00000000d5e00000,0x00000000eb400000)
  from space 22528K, 0% used [0x00000000ecb00000,0x00000000ecb00000,0x00000000ee100000)
  to   space 23552K, 0% used [0x00000000eb400000,0x00000000eb400000,0x00000000ecb00000)
 ParOldGen       total 95232K, used 25389K [0x0000000081a00000, 0x0000000087700000, 0x00000000d5e00000)
  object space 95232K, 26% used [0x0000000081a00000,0x00000000832cb428,0x0000000087700000)
 Metaspace       used 44654K, capacity 45184K, committed 45568K, reserved 1089536K
  class space    used 5483K, capacity 5618K, committed 5632K, reserved 1048576K
}
Event: 118.895 GC heap before
{Heap before GC invocations=18 (full 3):
 PSYoungGen      total 372736K, used 350208K [0x00000000d5e00000, 0x00000000ee300000, 0x0000000100000000)
  eden space 350208K, 100% used [0x00000000d5e00000,0x00000000eb400000,0x00000000eb400000)
  from space 22528K, 0% used [0x00000000ecb00000,0x00000000ecb00000,0x00000000ee100000)
  to   space 23552K, 0% used [0x00000000eb400000,0x00000000eb400000,0x00000000ecb00000)
 ParOldGen       total 95232K, used 25389K [0x0000000081a00000, 0x0000000087700000, 0x00000000d5e00000)
  object space 95232K, 26% used [0x0000000081a00000,0x00000000832cb428,0x0000000087700000)
 Metaspace       used 44942K, capacity 45574K, committed 45952K, reserved 1089536K
  class space    used 5504K, capacity 5671K, committed 5760K, reserved 1048576K
Event: 118.913 GC heap after
Heap after GC invocations=18 (full 3):
 PSYoungGen      total 373760K, used 23392K [0x00000000d5e00000, 0x00000000f5500000, 0x0000000100000000)
  eden space 350208K, 0% used [0x00000000d5e00000,0x00000000d5e00000,0x00000000eb400000)
  from space 23552K, 99% used [0x00000000eb400000,0x00000000ecad8150,0x00000000ecb00000)
  to   space 27136K, 0% used [0x00000000f3a80000,0x00000000f3a80000,0x00000000f5500000)
 ParOldGen       total 95232K, used 25397K [0x0000000081a00000, 0x0000000087700000, 0x00000000d5e00000)
  object space 95232K, 26% used [0x0000000081a00000,0x00000000832cd428,0x0000000087700000)
 Metaspace       used 44942K, capacity 45574K, committed 45952K, reserved 1089536K
  class space    used 5504K, capacity 5671K, committed 5760K, reserved 1048576K
}

